Warning: PRISM setting "prism.fairnessSpec" is unknown.
Warning: PRISM setting "prism.agOptions" is unknown.
Warning: PRISM setting "prism.cexGen" is unknown.
Warning: PRISM setting "prism.cexMaxPaths" is unknown.
PRISM
=====

Version: 4.0.1.dev
Date: Mon Aug 22 21:54:37 BST 2011
Hostname: bokonon-2.local
Command line: prism -test digitalclocksmaxclockzero.nm digitalclocksmaxclockzero.nm.props -ptamethod digital

Parsing model file "digitalclocksmaxclockzero.nm"...

Parsing properties file "digitalclocksmaxclockzero.nm.props"...

1 property:
(1) Pmax=? [ F "target" ]

-------------------------------------------

Model checking: Pmax=? [ F "target" ]

Performing digital clocks translation...
Computed clock maximums: {x=0}
Computed GCD: 1

-------------------------------------------

Building model...

Computing reachable states...

Reachability: 4 iterations in 0.00 seconds (average 0.000000, setup 0.00)

Time for model construction: 0.014 seconds.

Type:        MDP
Modules:     M 
Variables:   s x 

States:      5 (1 initial)
Transitions: 8
Choices:     8

Transition matrix: 20 nodes (2 terminal), 8 minterms, vars: 3r/3c/1nd

Prob0A: 3 iterations in 0.00 seconds (average 0.000000, setup 0.00)

Prob1E: 4 iterations in 0.00 seconds (average 0.000000, setup 0.00)

yes = 4, no = 1, maybe = 0

Value in the initial state: 1.0

Time for model checking: 0.0010 seconds.

Result: 1.0 (value in the initial state)
Testing result: PASS

