PRISM
=====

Version: 4.0.2.dev
Date: Sat Jan 28 00:17:52 GMT 2012
Hostname: bokonon.local
Command line: prism -test propertyrefs.pm propertyrefs.pm.props -prop six

Parsing model file "propertyrefs.pm"...

Parsing properties file "propertyrefs.pm.props"...

3 properties:
(1) "six": P=? [ F s=7&d=6 ]+"x"
(2) "x": P=? [ F s=7&d=x ]+"six2"
(3) "six2": P=? [ F s=7&d=6 ]

---------------------------------------------------------------------

Building model...

Computing reachable states...

Reachability: 4 iterations in 0.00 seconds (average 0.000000, setup 0.00)

Time for model construction: 0.014 seconds.

Type:        DTMC
Modules:     die 
Variables:   s d 

States:      13 (1 initial)
Transitions: 20

Transition matrix: 71 nodes (3 terminal), 20 minterms, vars: 6r/6c

---------------------------------------------------------------------

Model checking: "six": P=? [ F s=7&d=6 ]+"x"

Prob0: 4 iterations in 0.00 seconds (average 0.000000, setup 0.00)

Prob1: 3 iterations in 0.00 seconds (average 0.000000, setup 0.00)

yes = 1, no = 9, maybe = 3

Computing remaining probabilities...
Engine: Hybrid

Building hybrid MTBDD matrix... [levels=6, nodes=32] [1.5 KB]
Adding explicit sparse matrices... [levels=6, num=1, compact] [0.0 KB]
Creating vector for diagonals... [dist=1, compact] [0.0 KB]
Creating vector for RHS... [dist=2, compact] [0.0 KB]
Allocating iteration vectors... [2 x 0.1 KB]
TOTAL: [1.8 KB]

Starting iterations...

Jacobi: 22 iterations in 0.00 seconds (average 0.000000, setup 0.00)

Model checking : "x": P=? [ F s=7&d=x ]+"six2"

Prob0: 4 iterations in 0.00 seconds (average 0.000000, setup 0.00)

Prob1: 3 iterations in 0.00 seconds (average 0.000000, setup 0.00)

yes = 1, no = 8, maybe = 4

Computing remaining probabilities...
Engine: Hybrid

Building hybrid MTBDD matrix... [levels=6, nodes=41] [1.9 KB]
Adding explicit sparse matrices... [levels=6, num=1, compact] [0.1 KB]
Creating vector for diagonals... [dist=1, compact] [0.0 KB]
Creating vector for RHS... [dist=2, compact] [0.0 KB]
Allocating iteration vectors... [2 x 0.1 KB]
TOTAL: [2.3 KB]

Starting iterations...

Jacobi: 22 iterations in 0.00 seconds (average 0.000000, setup 0.00)

Model checking : "six2": P=? [ F s=7&d=6 ]

Prob0: 4 iterations in 0.00 seconds (average 0.000000, setup 0.00)

Prob1: 3 iterations in 0.00 seconds (average 0.000000, setup 0.00)

yes = 1, no = 9, maybe = 3

Computing remaining probabilities...
Engine: Hybrid

Building hybrid MTBDD matrix... [levels=6, nodes=32] [1.5 KB]
Adding explicit sparse matrices... [levels=6, num=1, compact] [0.0 KB]
Creating vector for diagonals... [dist=1, compact] [0.0 KB]
Creating vector for RHS... [dist=2, compact] [0.0 KB]
Allocating iteration vectors... [2 x 0.1 KB]
TOTAL: [1.8 KB]

Starting iterations...

Jacobi: 22 iterations in 0.00 seconds (average 0.000000, setup 0.00)

Value in the initial state: 0.4999995231628418

Time for model checking: 0.0040 seconds.

Result: 0.4999995231628418 (value in the initial state)
Testing result: PASS

